<?xml version="1.0" encoding="UTF-8"?>
<testng-results skipped="0" failed="0" ignored="0" total="1" passed="1">
  <reporter-output>
  </reporter-output>
  <suite name="Default suite" duration-ms="23172" started-at="2019-02-05T20:36:12Z" finished-at="2019-02-05T20:36:35Z">
    <groups>
    </groups>
    <test name="Default test" duration-ms="23172" started-at="2019-02-05T20:36:12Z" finished-at="2019-02-05T20:36:35Z">
      <class name="kolyom.co.il.pages.tests.ProjectTest">
        <test-method status="PASS" signature="setup()[pri:0, instance:kolyom.co.il.pages.tests.ProjectTest@4c70fda8]" name="setup" is-config="true" duration-ms="15992" started-at="2019-02-05T20:36:12Z" finished-at="2019-02-05T20:36:28Z">
          <reporter-output>
          </reporter-output>
        </test-method> <!-- setup -->
        <test-method status="PASS" signature="addKeywordsToProject()[pri:0, instance:kolyom.co.il.pages.tests.ProjectTest@4c70fda8]" name="addKeywordsToProject" duration-ms="6383" started-at="2019-02-05T20:36:28Z" finished-at="2019-02-05T20:36:35Z">
          <reporter-output>
          </reporter-output>
        </test-method> <!-- addKeywordsToProject -->
        <test-method status="PASS" signature="close()[pri:0, instance:kolyom.co.il.pages.tests.ProjectTest@4c70fda8]" name="close" is-config="true" duration-ms="759" started-at="2019-02-05T20:36:35Z" finished-at="2019-02-05T20:36:35Z">
          <reporter-output>
          </reporter-output>
        </test-method> <!-- close -->
      </class> <!-- kolyom.co.il.pages.tests.ProjectTest -->
    </test> <!-- Default test -->
  </suite> <!-- Default suite -->
</testng-results>
